<?xml version="1.0" encoding="UTF-8"?>
<!-- Generated by org.testng.reporters.JUnitXMLReporter -->
<testsuite hostname="DESKTOP-36D5C16" ignored="0" name="Regression" tests="6" failures="0" timestamp="2022-06-17T09:39:31 MST" time="45.6" errors="0">
  <testcase name="validateCarvanaHomePageTitleAndURL" time="0.011" classname="scripts.CarvanaTest"/>
  <testcase name="validateTheCarvanaLogo" time="0.069" classname="scripts.CarvanaTest"/>
  <testcase name="validateTheMainNavigationSectionItems" time="1.053" classname="scripts.CarvanaTest"/>
  <testcase name="validateTheSignInErrorMessage" time="1.305" classname="scripts.CarvanaTest"/>
  <testcase name="validateTheSearchFilterOptionsAndSearchButton" time="4.684" classname="scripts.CarvanaTest"/>
  <testcase name="validateTheSearchResultTitles" time="11.494" classname="scripts.CarvanaTest"/>
</testsuite> <!-- Regression -->
